!SESSION 2022-10-19 16:23:42.635 -----------------------------------------------
eclipse.buildId=4.23.0.I20220308-0310
java.version=17.0.2
java.vendor=Eclipse Adoptium
BootLoader constants: OS=win32, ARCH=x86_64, WS=win32, NL=es_ES
Framework arguments:  -product org.eclipse.epp.package.java.product
Command-line arguments:  -os win32 -ws win32 -arch x86_64 -product org.eclipse.epp.package.java.product

!ENTRY org.eclipse.emf.common 4 0 2022-10-19 16:24:26.331
!MESSAGE FrameworkEvent ERROR
!STACK 0
org.osgi.framework.BundleException: Could not resolve module: org.eclipse.emf.common [664]
  Another singleton bundle selected: osgi.identity; type="osgi.bundle"; version:Version="2.26.0.v20220817-1401"; osgi.identity="org.eclipse.emf.common"; singleton:="true"

	at org.eclipse.osgi.container.Module.start(Module.java:463)
	at org.eclipse.osgi.container.ModuleContainer$ContainerStartLevel$2.run(ModuleContainer.java:1847)
	at org.eclipse.osgi.internal.framework.EquinoxContainerAdaptor$1$1.execute(EquinoxContainerAdaptor.java:136)
	at org.eclipse.osgi.container.ModuleContainer$ContainerStartLevel.incStartLevel(ModuleContainer.java:1840)
	at org.eclipse.osgi.container.ModuleContainer$ContainerStartLevel.incStartLevel(ModuleContainer.java:1781)
	at org.eclipse.osgi.container.ModuleContainer$ContainerStartLevel.doContainerStartLevel(ModuleContainer.java:1745)
	at org.eclipse.osgi.container.ModuleContainer$ContainerStartLevel.dispatchEvent(ModuleContainer.java:1667)
	at org.eclipse.osgi.container.ModuleContainer$ContainerStartLevel.dispatchEvent(ModuleContainer.java:1)
	at org.eclipse.osgi.framework.eventmgr.EventManager.dispatchEvent(EventManager.java:234)
	at org.eclipse.osgi.framework.eventmgr.EventManager$EventThread.run(EventManager.java:345)

!ENTRY org.eclipse.emf.ecore 4 0 2022-10-19 16:24:26.336
!MESSAGE FrameworkEvent ERROR
!STACK 0
org.osgi.framework.BundleException: Could not resolve module: org.eclipse.emf.ecore [665]
  Another singleton bundle selected: osgi.identity; type="osgi.bundle"; version:Version="2.28.0.v20220817-1401"; osgi.identity="org.eclipse.emf.ecore"; singleton:="true"

	at org.eclipse.osgi.container.Module.start(Module.java:463)
	at org.eclipse.osgi.container.ModuleContainer$ContainerStartLevel$2.run(ModuleContainer.java:1847)
	at org.eclipse.osgi.internal.framework.EquinoxContainerAdaptor$1$1.execute(EquinoxContainerAdaptor.java:136)
	at org.eclipse.osgi.container.ModuleContainer$ContainerStartLevel.incStartLevel(ModuleContainer.java:1840)
	at org.eclipse.osgi.container.ModuleContainer$ContainerStartLevel.incStartLevel(ModuleContainer.java:1781)
	at org.eclipse.osgi.container.ModuleContainer$ContainerStartLevel.doContainerStartLevel(ModuleContainer.java:1745)
	at org.eclipse.osgi.container.ModuleContainer$ContainerStartLevel.dispatchEvent(ModuleContainer.java:1667)
	at org.eclipse.osgi.container.ModuleContainer$ContainerStartLevel.dispatchEvent(ModuleContainer.java:1)
	at org.eclipse.osgi.framework.eventmgr.EventManager.dispatchEvent(EventManager.java:234)
	at org.eclipse.osgi.framework.eventmgr.EventManager$EventThread.run(EventManager.java:345)

!ENTRY org.eclipse.emf.ecore.xmi 4 0 2022-10-19 16:24:26.342
!MESSAGE FrameworkEvent ERROR
!STACK 0
org.osgi.framework.BundleException: Could not resolve module: org.eclipse.emf.ecore.xmi [666]
  Another singleton bundle selected: osgi.identity; type="osgi.bundle"; version:Version="2.17.0.v20220817-1334"; osgi.identity="org.eclipse.emf.ecore.xmi"; singleton:="true"

	at org.eclipse.osgi.container.Module.start(Module.java:463)
	at org.eclipse.osgi.container.ModuleContainer$ContainerStartLevel$2.run(ModuleContainer.java:1847)
	at org.eclipse.osgi.internal.framework.EquinoxContainerAdaptor$1$1.execute(EquinoxContainerAdaptor.java:136)
	at org.eclipse.osgi.container.ModuleContainer$ContainerStartLevel.incStartLevel(ModuleContainer.java:1840)
	at org.eclipse.osgi.container.ModuleContainer$ContainerStartLevel.incStartLevel(ModuleContainer.java:1781)
	at org.eclipse.osgi.container.ModuleContainer$ContainerStartLevel.doContainerStartLevel(ModuleContainer.java:1745)
	at org.eclipse.osgi.container.ModuleContainer$ContainerStartLevel.dispatchEvent(ModuleContainer.java:1667)
	at org.eclipse.osgi.container.ModuleContainer$ContainerStartLevel.dispatchEvent(ModuleContainer.java:1)
	at org.eclipse.osgi.framework.eventmgr.EventManager.dispatchEvent(EventManager.java:234)
	at org.eclipse.osgi.framework.eventmgr.EventManager$EventThread.run(EventManager.java:345)

!ENTRY org.eclipse.wst.sse.core 4 0 2022-10-19 16:24:26.344
!MESSAGE FrameworkEvent ERROR
!STACK 0
org.osgi.framework.BundleException: Could not resolve module: org.eclipse.wst.sse.core [667]
  Another singleton bundle selected: osgi.identity; type="osgi.bundle"; version:Version="1.2.800.v202207121749"; osgi.identity="org.eclipse.wst.sse.core"; singleton:="true"

	at org.eclipse.osgi.container.Module.start(Module.java:463)
	at org.eclipse.osgi.container.ModuleContainer$ContainerStartLevel$2.run(ModuleContainer.java:1847)
	at org.eclipse.osgi.internal.framework.EquinoxContainerAdaptor$1$1.execute(EquinoxContainerAdaptor.java:136)
	at org.eclipse.osgi.container.ModuleContainer$ContainerStartLevel.incStartLevel(ModuleContainer.java:1840)
	at org.eclipse.osgi.container.ModuleContainer$ContainerStartLevel.incStartLevel(ModuleContainer.java:1781)
	at org.eclipse.osgi.container.ModuleContainer$ContainerStartLevel.doContainerStartLevel(ModuleContainer.java:1745)
	at org.eclipse.osgi.container.ModuleContainer$ContainerStartLevel.dispatchEvent(ModuleContainer.java:1667)
	at org.eclipse.osgi.container.ModuleContainer$ContainerStartLevel.dispatchEvent(ModuleContainer.java:1)
	at org.eclipse.osgi.framework.eventmgr.EventManager.dispatchEvent(EventManager.java:234)
	at org.eclipse.osgi.framework.eventmgr.EventManager$EventThread.run(EventManager.java:345)

!ENTRY org.eclipse.wst.xml.core 4 0 2022-10-19 16:24:26.348
!MESSAGE FrameworkEvent ERROR
!STACK 0
org.osgi.framework.BundleException: Could not resolve module: org.eclipse.wst.xml.core [668]
  Another singleton bundle selected: osgi.identity; type="osgi.bundle"; version:Version="1.2.600.v202207121749"; osgi.identity="org.eclipse.wst.xml.core"; singleton:="true"

	at org.eclipse.osgi.container.Module.start(Module.java:463)
	at org.eclipse.osgi.container.ModuleContainer$ContainerStartLevel$2.run(ModuleContainer.java:1847)
	at org.eclipse.osgi.internal.framework.EquinoxContainerAdaptor$1$1.execute(EquinoxContainerAdaptor.java:136)
	at org.eclipse.osgi.container.ModuleContainer$ContainerStartLevel.incStartLevel(ModuleContainer.java:1840)
	at org.eclipse.osgi.container.ModuleContainer$ContainerStartLevel.incStartLevel(ModuleContainer.java:1781)
	at org.eclipse.osgi.container.ModuleContainer$ContainerStartLevel.doContainerStartLevel(ModuleContainer.java:1745)
	at org.eclipse.osgi.container.ModuleContainer$ContainerStartLevel.dispatchEvent(ModuleContainer.java:1667)
	at org.eclipse.osgi.container.ModuleContainer$ContainerStartLevel.dispatchEvent(ModuleContainer.java:1)
	at org.eclipse.osgi.framework.eventmgr.EventManager.dispatchEvent(EventManager.java:234)
	at org.eclipse.osgi.framework.eventmgr.EventManager$EventThread.run(EventManager.java:345)

!ENTRY org.eclipse.emf.common 2 0 2022-10-19 16:24:32.576
!MESSAGE Could not resolve module: org.eclipse.emf.common [664]
  Another singleton bundle selected: osgi.identity; type="osgi.bundle"; version:Version="2.26.0.v20220817-1401"; osgi.identity="org.eclipse.emf.common"; singleton:="true"


!ENTRY org.eclipse.emf.ecore.xmi 2 0 2022-10-19 16:24:32.580
!MESSAGE Could not resolve module: org.eclipse.emf.ecore.xmi [666]
  Another singleton bundle selected: osgi.identity; type="osgi.bundle"; version:Version="2.17.0.v20220817-1334"; osgi.identity="org.eclipse.emf.ecore.xmi"; singleton:="true"


!ENTRY org.eclipse.wst.xml.core 2 0 2022-10-19 16:24:32.582
!MESSAGE Could not resolve module: org.eclipse.wst.xml.core [668]
  Another singleton bundle selected: osgi.identity; type="osgi.bundle"; version:Version="1.2.600.v202207121749"; osgi.identity="org.eclipse.wst.xml.core"; singleton:="true"


!ENTRY org.eclipse.wst.sse.core 2 0 2022-10-19 16:24:32.587
!MESSAGE Could not resolve module: org.eclipse.wst.sse.core [667]
  Another singleton bundle selected: osgi.identity; type="osgi.bundle"; version:Version="1.2.800.v202207121749"; osgi.identity="org.eclipse.wst.sse.core"; singleton:="true"


!ENTRY org.eclipse.emf.ecore 2 0 2022-10-19 16:24:32.589
!MESSAGE Could not resolve module: org.eclipse.emf.ecore [665]
  Another singleton bundle selected: osgi.identity; type="osgi.bundle"; version:Version="2.28.0.v20220817-1401"; osgi.identity="org.eclipse.emf.ecore"; singleton:="true"


!ENTRY org.eclipse.osgi 4 0 2022-10-19 16:24:32.592
!MESSAGE Application error
!STACK 1
java.lang.IllegalStateException: Bundle has been uninstalled: org.eclipse.ui.ide.nl_es_4.5.0.v20151128060001 [548]
	at org.eclipse.osgi.internal.framework.EquinoxBundle.checkValid(EquinoxBundle.java:1019)
	at org.eclipse.osgi.internal.framework.EquinoxBundle.getEntry(EquinoxBundle.java:701)
	at org.eclipse.core.internal.runtime.FindSupport.findInFragments(FindSupport.java:254)
	at org.eclipse.core.internal.runtime.FindSupport.find(FindSupport.java:105)
	at org.eclipse.core.internal.runtime.FindSupport.find(FindSupport.java:64)
	at org.eclipse.core.runtime.FileLocator.find(FileLocator.java:92)
	at org.eclipse.core.internal.preferences.DefaultPreferences.applyBundleDefaults(DefaultPreferences.java:96)
	at org.eclipse.core.internal.preferences.DefaultPreferences.load(DefaultPreferences.java:280)
	at org.eclipse.core.internal.preferences.EclipsePreferences.create(EclipsePreferences.java:370)
	at org.eclipse.core.internal.preferences.EclipsePreferences.internalNode(EclipsePreferences.java:624)
	at org.eclipse.core.internal.preferences.EclipsePreferences.node(EclipsePreferences.java:767)
	at org.eclipse.core.internal.preferences.AbstractScope.getNode(AbstractScope.java:41)
	at org.eclipse.core.runtime.preferences.DefaultScope.getNode(DefaultScope.java:77)
	at org.eclipse.ui.preferences.ScopedPreferenceStore.getDefaultPreferences(ScopedPreferenceStore.java:222)
	at org.eclipse.ui.preferences.ScopedPreferenceStore.getPreferenceNodes(ScopedPreferenceStore.java:251)
	at org.eclipse.ui.preferences.ScopedPreferenceStore.internalGet(ScopedPreferenceStore.java:389)
	at org.eclipse.ui.preferences.ScopedPreferenceStore.getInt(ScopedPreferenceStore.java:407)
	at org.eclipse.ui.internal.ide.ChooseWorkspaceData.readPersistedData(ChooseWorkspaceData.java:423)
	at org.eclipse.ui.internal.ide.ChooseWorkspaceData.<init>(ChooseWorkspaceData.java:126)
	at org.eclipse.ui.internal.ide.application.IDEApplication.checkInstanceLocation(IDEApplication.java:268)
	at org.eclipse.ui.internal.ide.application.IDEApplication.start(IDEApplication.java:142)
	at org.eclipse.equinox.internal.app.EclipseAppHandle.run(EclipseAppHandle.java:203)
	at org.eclipse.core.runtime.internal.adaptor.EclipseAppLauncher.runApplication(EclipseAppLauncher.java:136)
	at org.eclipse.core.runtime.internal.adaptor.EclipseAppLauncher.start(EclipseAppLauncher.java:104)
	at org.eclipse.core.runtime.adaptor.EclipseStarter.run(EclipseStarter.java:401)
	at org.eclipse.core.runtime.adaptor.EclipseStarter.run(EclipseStarter.java:255)
	at java.base/jdk.internal.reflect.NativeMethodAccessorImpl.invoke0(Native Method)
	at java.base/jdk.internal.reflect.NativeMethodAccessorImpl.invoke(NativeMethodAccessorImpl.java:77)
	at java.base/jdk.internal.reflect.DelegatingMethodAccessorImpl.invoke(DelegatingMethodAccessorImpl.java:43)
	at java.base/java.lang.reflect.Method.invoke(Method.java:568)
	at org.eclipse.equinox.launcher.Main.invokeFramework(Main.java:659)
	at org.eclipse.equinox.launcher.Main.basicRun(Main.java:596)
	at org.eclipse.equinox.launcher.Main.run(Main.java:1467)
