!SESSION 2022-11-22 19:25:09.957 -----------------------------------------------
eclipse.buildId=4.25.0.I20220831-1800
java.version=17.0.2
java.vendor=Eclipse Adoptium
BootLoader constants: OS=win32, ARCH=x86_64, WS=win32, NL=es_ES
Framework arguments:  -product org.eclipse.epp.package.java.product
Command-line arguments:  -os win32 -ws win32 -arch x86_64 -product org.eclipse.epp.package.java.product

!ENTRY org.eclipse.wst.sse.core 4 0 2022-11-22 19:25:16.419
!MESSAGE FrameworkEvent ERROR
!STACK 0
org.osgi.framework.BundleException: Could not resolve module: org.eclipse.wst.sse.core [667]
  Unresolved requirement: Import-Package: com.ibm.icu.util; version="3.8.0"

	at org.eclipse.osgi.container.Module.start(Module.java:463)
	at org.eclipse.osgi.container.ModuleContainer$ContainerStartLevel$2.run(ModuleContainer.java:1852)
	at org.eclipse.osgi.internal.framework.EquinoxContainerAdaptor$1$1.execute(EquinoxContainerAdaptor.java:136)
	at org.eclipse.osgi.container.ModuleContainer$ContainerStartLevel.incStartLevel(ModuleContainer.java:1845)
	at org.eclipse.osgi.container.ModuleContainer$ContainerStartLevel.incStartLevel(ModuleContainer.java:1786)
	at org.eclipse.osgi.container.ModuleContainer$ContainerStartLevel.doContainerStartLevel(ModuleContainer.java:1750)
	at org.eclipse.osgi.container.ModuleContainer$ContainerStartLevel.dispatchEvent(ModuleContainer.java:1672)
	at org.eclipse.osgi.container.ModuleContainer$ContainerStartLevel.dispatchEvent(ModuleContainer.java:1)
	at org.eclipse.osgi.framework.eventmgr.EventManager.dispatchEvent(EventManager.java:234)
	at org.eclipse.osgi.framework.eventmgr.EventManager$EventThread.run(EventManager.java:345)

!ENTRY org.eclipse.wst.xml.core 4 0 2022-11-22 19:25:16.431
!MESSAGE FrameworkEvent ERROR
!STACK 0
org.osgi.framework.BundleException: Could not resolve module: org.eclipse.wst.xml.core [668]
  Unresolved requirement: Import-Package: com.ibm.icu.util; version="3.8.0"

	at org.eclipse.osgi.container.Module.start(Module.java:463)
	at org.eclipse.osgi.container.ModuleContainer$ContainerStartLevel$2.run(ModuleContainer.java:1852)
	at org.eclipse.osgi.internal.framework.EquinoxContainerAdaptor$1$1.execute(EquinoxContainerAdaptor.java:136)
	at org.eclipse.osgi.container.ModuleContainer$ContainerStartLevel.incStartLevel(ModuleContainer.java:1845)
	at org.eclipse.osgi.container.ModuleContainer$ContainerStartLevel.incStartLevel(ModuleContainer.java:1786)
	at org.eclipse.osgi.container.ModuleContainer$ContainerStartLevel.doContainerStartLevel(ModuleContainer.java:1750)
	at org.eclipse.osgi.container.ModuleContainer$ContainerStartLevel.dispatchEvent(ModuleContainer.java:1672)
	at org.eclipse.osgi.container.ModuleContainer$ContainerStartLevel.dispatchEvent(ModuleContainer.java:1)
	at org.eclipse.osgi.framework.eventmgr.EventManager.dispatchEvent(EventManager.java:234)
	at org.eclipse.osgi.framework.eventmgr.EventManager$EventThread.run(EventManager.java:345)

!ENTRY org.eclipse.m2e.binaryproject 4 0 2022-11-22 19:25:23.786
!MESSAGE FrameworkEvent ERROR
!STACK 0
org.osgi.framework.BundleException: Could not resolve module: org.eclipse.m2e.binaryproject [872]
  Unresolved requirement: Require-Bundle: org.eclipse.m2e.sourcelookup; bundle-version="[2.0.0,3.0.0)"
    -> Bundle-SymbolicName: org.eclipse.m2e.sourcelookup; bundle-version="2.0.0.20220705-1608"; singleton:="true"
       org.eclipse.m2e.sourcelookup [891]
         Unresolved requirement: Require-Bundle: org.eclipse.m2e.launching; bundle-version="[2.0.0,3.0.0)"
           -> Bundle-SymbolicName: org.eclipse.m2e.launching; bundle-version="2.0.1.20220828-2046"; singleton:="true"
              org.eclipse.m2e.launching [881]
                Unresolved requirement: Require-Bundle: org.eclipse.m2e.core.ui; bundle-version="[2.0.0,3.0.0)"
                  -> Bundle-SymbolicName: org.eclipse.m2e.core.ui; bundle-version="2.0.0.20220726-0935"; singleton:="true"
                     org.eclipse.m2e.core.ui [875]
                       Unresolved requirement: Require-Bundle: org.eclipse.m2e.model.edit; bundle-version="[2.0.0,3.0.0)"; visibility:="reexport"
                         -> Bundle-SymbolicName: org.eclipse.m2e.model.edit; bundle-version="2.0.0.20220703-1731"; singleton:="true"
                            org.eclipse.m2e.model.edit [886]
                              Unresolved requirement: Require-Bundle: org.eclipse.wst.xml.core; visibility:="reexport"
                                -> Bundle-SymbolicName: org.eclipse.wst.xml.core; bundle-version="1.2.500.v202201311924"; singleton:="true"
                                   org.eclipse.wst.xml.core [668]
                                     Unresolved requirement: Import-Package: com.ibm.icu.util; version="3.8.0"
                              Unresolved requirement: Require-Bundle: org.eclipse.wst.sse.core; visibility:="reexport"
                                -> Bundle-SymbolicName: org.eclipse.wst.sse.core; bundle-version="1.2.700.v202112071542"; singleton:="true"
                                   org.eclipse.wst.sse.core [667]
                                     Unresolved requirement: Import-Package: com.ibm.icu.util; version="3.8.0"

	at org.eclipse.osgi.container.Module.start(Module.java:463)
	at org.eclipse.osgi.container.ModuleContainer$ContainerStartLevel$2.run(ModuleContainer.java:1852)
	at org.eclipse.osgi.internal.framework.EquinoxContainerAdaptor$1$1.execute(EquinoxContainerAdaptor.java:136)
	at org.eclipse.osgi.container.ModuleContainer$ContainerStartLevel.incStartLevel(ModuleContainer.java:1845)
	at org.eclipse.osgi.container.ModuleContainer$ContainerStartLevel.incStartLevel(ModuleContainer.java:1786)
	at org.eclipse.osgi.container.ModuleContainer$ContainerStartLevel.doContainerStartLevel(ModuleContainer.java:1750)
	at org.eclipse.osgi.container.ModuleContainer$ContainerStartLevel.dispatchEvent(ModuleContainer.java:1672)
	at org.eclipse.osgi.container.ModuleContainer$ContainerStartLevel.dispatchEvent(ModuleContainer.java:1)
	at org.eclipse.osgi.framework.eventmgr.EventManager.dispatchEvent(EventManager.java:234)
	at org.eclipse.osgi.framework.eventmgr.EventManager$EventThread.run(EventManager.java:345)

!ENTRY org.eclipse.m2e.binaryproject.ui 4 0 2022-11-22 19:25:23.802
!MESSAGE FrameworkEvent ERROR
!STACK 0
org.osgi.framework.BundleException: Could not resolve module: org.eclipse.m2e.binaryproject.ui [873]
  Unresolved requirement: Require-Bundle: org.eclipse.m2e.binaryproject; bundle-version="[2.0.0,3.0.0)"
    -> Bundle-SymbolicName: org.eclipse.m2e.binaryproject; bundle-version="2.0.0.20220705-1221"; singleton:="true"
       org.eclipse.m2e.binaryproject [872]
         Unresolved requirement: Require-Bundle: org.eclipse.m2e.sourcelookup; bundle-version="[2.0.0,3.0.0)"
           -> Bundle-SymbolicName: org.eclipse.m2e.sourcelookup; bundle-version="2.0.0.20220705-1608"; singleton:="true"
              org.eclipse.m2e.sourcelookup [891]
                Unresolved requirement: Require-Bundle: org.eclipse.m2e.launching; bundle-version="[2.0.0,3.0.0)"
                  -> Bundle-SymbolicName: org.eclipse.m2e.launching; bundle-version="2.0.1.20220828-2046"; singleton:="true"
                     org.eclipse.m2e.launching [881]
                       Unresolved requirement: Require-Bundle: org.eclipse.m2e.core.ui; bundle-version="[2.0.0,3.0.0)"
                         -> Bundle-SymbolicName: org.eclipse.m2e.core.ui; bundle-version="2.0.0.20220726-0935"; singleton:="true"
                            org.eclipse.m2e.core.ui [875]
                              Unresolved requirement: Require-Bundle: org.eclipse.m2e.model.edit; bundle-version="[2.0.0,3.0.0)"; visibility:="reexport"
                                -> Bundle-SymbolicName: org.eclipse.m2e.model.edit; bundle-version="2.0.0.20220703-1731"; singleton:="true"
                                   org.eclipse.m2e.model.edit [886]
                                     Unresolved requirement: Require-Bundle: org.eclipse.wst.xml.core; visibility:="reexport"
                                       -> Bundle-SymbolicName: org.eclipse.wst.xml.core; bundle-version="1.2.500.v202201311924"; singleton:="true"
                                          org.eclipse.wst.xml.core [668]
                                            Unresolved requirement: Import-Package: com.ibm.icu.util; version="3.8.0"
                                     Unresolved requirement: Require-Bundle: org.eclipse.wst.sse.core; visibility:="reexport"
                                       -> Bundle-SymbolicName: org.eclipse.wst.sse.core; bundle-version="1.2.700.v202112071542"; singleton:="true"
                                          org.eclipse.wst.sse.core [667]
                                            Unresolved requirement: Import-Package: com.ibm.icu.util; version="3.8.0"
  Unresolved requirement: Require-Bundle: org.eclipse.m2e.core.ui; bundle-version="[2.0.0,3.0.0)"
    -> Bundle-SymbolicName: org.eclipse.m2e.core.ui; bundle-version="2.0.0.20220726-0935"; singleton:="true"

	at org.eclipse.osgi.container.Module.start(Module.java:463)
	at org.eclipse.osgi.container.ModuleContainer$ContainerStartLevel$2.run(ModuleContainer.java:1852)
	at org.eclipse.osgi.internal.framework.EquinoxContainerAdaptor$1$1.execute(EquinoxContainerAdaptor.java:136)
	at org.eclipse.osgi.container.ModuleContainer$ContainerStartLevel.incStartLevel(ModuleContainer.java:1845)
	at org.eclipse.osgi.container.ModuleContainer$ContainerStartLevel.incStartLevel(ModuleContainer.java:1786)
	at org.eclipse.osgi.container.ModuleContainer$ContainerStartLevel.doContainerStartLevel(ModuleContainer.java:1750)
	at org.eclipse.osgi.container.ModuleContainer$ContainerStartLevel.dispatchEvent(ModuleContainer.java:1672)
	at org.eclipse.osgi.container.ModuleContainer$ContainerStartLevel.dispatchEvent(ModuleContainer.java:1)
	at org.eclipse.osgi.framework.eventmgr.EventManager.dispatchEvent(EventManager.java:234)
	at org.eclipse.osgi.framework.eventmgr.EventManager$EventThread.run(EventManager.java:345)

!ENTRY org.eclipse.m2e.core.ui 4 0 2022-11-22 19:25:23.911
!MESSAGE FrameworkEvent ERROR
!STACK 0
org.osgi.framework.BundleException: Could not resolve module: org.eclipse.m2e.core.ui [875]
  Unresolved requirement: Require-Bundle: org.eclipse.m2e.model.edit; bundle-version="[2.0.0,3.0.0)"; visibility:="reexport"
    -> Bundle-SymbolicName: org.eclipse.m2e.model.edit; bundle-version="2.0.0.20220703-1731"; singleton:="true"
       org.eclipse.m2e.model.edit [886]
         Unresolved requirement: Require-Bundle: org.eclipse.wst.xml.core; visibility:="reexport"
           -> Bundle-SymbolicName: org.eclipse.wst.xml.core; bundle-version="1.2.500.v202201311924"; singleton:="true"
              org.eclipse.wst.xml.core [668]
                Unresolved requirement: Import-Package: com.ibm.icu.util; version="3.8.0"
         Unresolved requirement: Require-Bundle: org.eclipse.wst.sse.core; visibility:="reexport"
           -> Bundle-SymbolicName: org.eclipse.wst.sse.core; bundle-version="1.2.700.v202112071542"; singleton:="true"
              org.eclipse.wst.sse.core [667]
                Unresolved requirement: Import-Package: com.ibm.icu.util; version="3.8.0"

	at org.eclipse.osgi.container.Module.start(Module.java:463)
	at org.eclipse.osgi.container.ModuleContainer$ContainerStartLevel$2.run(ModuleContainer.java:1852)
	at org.eclipse.osgi.internal.framework.EquinoxContainerAdaptor$1$1.execute(EquinoxContainerAdaptor.java:136)
	at org.eclipse.osgi.container.ModuleContainer$ContainerStartLevel.incStartLevel(ModuleContainer.java:1845)
	at org.eclipse.osgi.container.ModuleContainer$ContainerStartLevel.incStartLevel(ModuleContainer.java:1786)
	at org.eclipse.osgi.container.ModuleContainer$ContainerStartLevel.doContainerStartLevel(ModuleContainer.java:1750)
	at org.eclipse.osgi.container.ModuleContainer$ContainerStartLevel.dispatchEvent(ModuleContainer.java:1672)
	at org.eclipse.osgi.container.ModuleContainer$ContainerStartLevel.dispatchEvent(ModuleContainer.java:1)
	at org.eclipse.osgi.framework.eventmgr.EventManager.dispatchEvent(EventManager.java:234)
	at org.eclipse.osgi.framework.eventmgr.EventManager$EventThread.run(EventManager.java:345)

!ENTRY org.eclipse.m2e.discovery 4 0 2022-11-22 19:25:23.911
!MESSAGE FrameworkEvent ERROR
!STACK 0
org.osgi.framework.BundleException: Could not resolve module: org.eclipse.m2e.discovery [876]
  Unresolved requirement: Require-Bundle: org.eclipse.m2e.core.ui; bundle-version="[2.0.0,3.0.0)"
    -> Bundle-SymbolicName: org.eclipse.m2e.core.ui; bundle-version="2.0.0.20220726-0935"; singleton:="true"
       org.eclipse.m2e.core.ui [875]
         Unresolved requirement: Require-Bundle: org.eclipse.m2e.model.edit; bundle-version="[2.0.0,3.0.0)"; visibility:="reexport"
           -> Bundle-SymbolicName: org.eclipse.m2e.model.edit; bundle-version="2.0.0.20220703-1731"; singleton:="true"
              org.eclipse.m2e.model.edit [886]
                Unresolved requirement: Require-Bundle: org.eclipse.wst.xml.core; visibility:="reexport"
                  -> Bundle-SymbolicName: org.eclipse.wst.xml.core; bundle-version="1.2.500.v202201311924"; singleton:="true"
                     org.eclipse.wst.xml.core [668]
                       Unresolved requirement: Import-Package: com.ibm.icu.util; version="3.8.0"
                Unresolved requirement: Require-Bundle: org.eclipse.wst.sse.core; visibility:="reexport"
                  -> Bundle-SymbolicName: org.eclipse.wst.sse.core; bundle-version="1.2.700.v202112071542"; singleton:="true"
                     org.eclipse.wst.sse.core [667]
                       Unresolved requirement: Import-Package: com.ibm.icu.util; version="3.8.0"

	at org.eclipse.osgi.container.Module.start(Module.java:463)
	at org.eclipse.osgi.container.ModuleContainer$ContainerStartLevel$2.run(ModuleContainer.java:1852)
	at org.eclipse.osgi.internal.framework.EquinoxContainerAdaptor$1$1.execute(EquinoxContainerAdaptor.java:136)
	at org.eclipse.osgi.container.ModuleContainer$ContainerStartLevel.incStartLevel(ModuleContainer.java:1845)
	at org.eclipse.osgi.container.ModuleContainer$ContainerStartLevel.incStartLevel(ModuleContainer.java:1786)
	at org.eclipse.osgi.container.ModuleContainer$ContainerStartLevel.doContainerStartLevel(ModuleContainer.java:1750)
	at org.eclipse.osgi.container.ModuleContainer$ContainerStartLevel.dispatchEvent(ModuleContainer.java:1672)
	at org.eclipse.osgi.container.ModuleContainer$ContainerStartLevel.dispatchEvent(ModuleContainer.java:1)
	at org.eclipse.osgi.framework.eventmgr.EventManager.dispatchEvent(EventManager.java:234)
	at org.eclipse.osgi.framework.eventmgr.EventManager$EventThread.run(EventManager.java:345)

!ENTRY org.eclipse.m2e.editor 4 0 2022-11-22 19:25:23.927
!MESSAGE FrameworkEvent ERROR
!STACK 0
org.osgi.framework.BundleException: Could not resolve module: org.eclipse.m2e.editor [877]
  Unresolved requirement: Require-Bundle: org.eclipse.wst.sse.core
    -> Bundle-SymbolicName: org.eclipse.wst.sse.core; bundle-version="1.2.700.v202112071542"; singleton:="true"
       org.eclipse.wst.sse.core [667]
         Unresolved requirement: Import-Package: com.ibm.icu.util; version="3.8.0"
  Unresolved requirement: Require-Bundle: org.eclipse.m2e.core.ui; bundle-version="[2.0.0,3.0.0)"
    -> Bundle-SymbolicName: org.eclipse.m2e.core.ui; bundle-version="2.0.0.20220726-0935"; singleton:="true"
       org.eclipse.m2e.core.ui [875]
         Unresolved requirement: Require-Bundle: org.eclipse.m2e.model.edit; bundle-version="[2.0.0,3.0.0)"; visibility:="reexport"
           -> Bundle-SymbolicName: org.eclipse.m2e.model.edit; bundle-version="2.0.0.20220703-1731"; singleton:="true"
              org.eclipse.m2e.model.edit [886]
                Unresolved requirement: Require-Bundle: org.eclipse.wst.sse.core; visibility:="reexport"
                  -> Bundle-SymbolicName: org.eclipse.wst.sse.core; bundle-version="1.2.700.v202112071542"; singleton:="true"
  Unresolved requirement: Require-Bundle: org.eclipse.wst.xml.core
    -> Bundle-SymbolicName: org.eclipse.wst.xml.core; bundle-version="1.2.500.v202201311924"; singleton:="true"
       org.eclipse.wst.xml.core [668]
         Unresolved requirement: Import-Package: com.ibm.icu.util; version="3.8.0"
  Unresolved requirement: Require-Bundle: org.eclipse.wst.sse.core
    -> Bundle-SymbolicName: org.eclipse.wst.sse.core; bundle-version="1.2.700.v202112071542"; singleton:="true"

	at org.eclipse.osgi.container.Module.start(Module.java:463)
	at org.eclipse.osgi.container.ModuleContainer$ContainerStartLevel$2.run(ModuleContainer.java:1852)
	at org.eclipse.osgi.internal.framework.EquinoxContainerAdaptor$1$1.execute(EquinoxContainerAdaptor.java:136)
	at org.eclipse.osgi.container.ModuleContainer$ContainerStartLevel.incStartLevel(ModuleContainer.java:1845)
	at org.eclipse.osgi.container.ModuleContainer$ContainerStartLevel.incStartLevel(ModuleContainer.java:1786)
	at org.eclipse.osgi.container.ModuleContainer$ContainerStartLevel.doContainerStartLevel(ModuleContainer.java:1750)
	at org.eclipse.osgi.container.ModuleContainer$ContainerStartLevel.dispatchEvent(ModuleContainer.java:1672)
	at org.eclipse.osgi.container.ModuleContainer$ContainerStartLevel.dispatchEvent(ModuleContainer.java:1)
	at org.eclipse.osgi.framework.eventmgr.EventManager.dispatchEvent(EventManager.java:234)
	at org.eclipse.osgi.framework.eventmgr.EventManager$EventThread.run(EventManager.java:345)

!ENTRY org.eclipse.m2e.jdt.ui 4 0 2022-11-22 19:25:23.927
!MESSAGE FrameworkEvent ERROR
!STACK 0
org.osgi.framework.BundleException: Could not resolve module: org.eclipse.m2e.jdt.ui [880]
  Unresolved requirement: Require-Bundle: org.eclipse.m2e.core.ui; bundle-version="[2.0.0,3.0.0)"
    -> Bundle-SymbolicName: org.eclipse.m2e.core.ui; bundle-version="2.0.0.20220726-0935"; singleton:="true"
       org.eclipse.m2e.core.ui [875]
         Unresolved requirement: Require-Bundle: org.eclipse.m2e.model.edit; bundle-version="[2.0.0,3.0.0)"; visibility:="reexport"
           -> Bundle-SymbolicName: org.eclipse.m2e.model.edit; bundle-version="2.0.0.20220703-1731"; singleton:="true"
              org.eclipse.m2e.model.edit [886]
                Unresolved requirement: Require-Bundle: org.eclipse.wst.xml.core; visibility:="reexport"
                  -> Bundle-SymbolicName: org.eclipse.wst.xml.core; bundle-version="1.2.500.v202201311924"; singleton:="true"
                     org.eclipse.wst.xml.core [668]
                       Unresolved requirement: Import-Package: com.ibm.icu.util; version="3.8.0"
                Unresolved requirement: Require-Bundle: org.eclipse.wst.sse.core; visibility:="reexport"
                  -> Bundle-SymbolicName: org.eclipse.wst.sse.core; bundle-version="1.2.700.v202112071542"; singleton:="true"
                     org.eclipse.wst.sse.core [667]
                       Unresolved requirement: Import-Package: com.ibm.icu.util; version="3.8.0"

	at org.eclipse.osgi.container.Module.start(Module.java:463)
	at org.eclipse.osgi.container.ModuleContainer$ContainerStartLevel$2.run(ModuleContainer.java:1852)
	at org.eclipse.osgi.internal.framework.EquinoxContainerAdaptor$1$1.execute(EquinoxContainerAdaptor.java:136)
	at org.eclipse.osgi.container.ModuleContainer$ContainerStartLevel.incStartLevel(ModuleContainer.java:1845)
	at org.eclipse.osgi.container.ModuleContainer$ContainerStartLevel.incStartLevel(ModuleContainer.java:1786)
	at org.eclipse.osgi.container.ModuleContainer$ContainerStartLevel.doContainerStartLevel(ModuleContainer.java:1750)
	at org.eclipse.osgi.container.ModuleContainer$ContainerStartLevel.dispatchEvent(ModuleContainer.java:1672)
	at org.eclipse.osgi.container.ModuleContainer$ContainerStartLevel.dispatchEvent(ModuleContainer.java:1)
	at org.eclipse.osgi.framework.eventmgr.EventManager.dispatchEvent(EventManager.java:234)
	at org.eclipse.osgi.framework.eventmgr.EventManager$EventThread.run(EventManager.java:345)

!ENTRY org.eclipse.m2e.launching 4 0 2022-11-22 19:25:23.943
!MESSAGE FrameworkEvent ERROR
!STACK 0
org.osgi.framework.BundleException: Could not resolve module: org.eclipse.m2e.launching [881]
  Unresolved requirement: Require-Bundle: org.eclipse.m2e.core.ui; bundle-version="[2.0.0,3.0.0)"
    -> Bundle-SymbolicName: org.eclipse.m2e.core.ui; bundle-version="2.0.0.20220726-0935"; singleton:="true"
       org.eclipse.m2e.core.ui [875]
         Unresolved requirement: Require-Bundle: org.eclipse.m2e.model.edit; bundle-version="[2.0.0,3.0.0)"; visibility:="reexport"
           -> Bundle-SymbolicName: org.eclipse.m2e.model.edit; bundle-version="2.0.0.20220703-1731"; singleton:="true"
              org.eclipse.m2e.model.edit [886]
                Unresolved requirement: Require-Bundle: org.eclipse.wst.xml.core; visibility:="reexport"
                  -> Bundle-SymbolicName: org.eclipse.wst.xml.core; bundle-version="1.2.500.v202201311924"; singleton:="true"
                     org.eclipse.wst.xml.core [668]
                       Unresolved requirement: Import-Package: com.ibm.icu.util; version="3.8.0"
                Unresolved requirement: Require-Bundle: org.eclipse.wst.sse.core; visibility:="reexport"
                  -> Bundle-SymbolicName: org.eclipse.wst.sse.core; bundle-version="1.2.700.v202112071542"; singleton:="true"
                     org.eclipse.wst.sse.core [667]
                       Unresolved requirement: Import-Package: com.ibm.icu.util; version="3.8.0"

	at org.eclipse.osgi.container.Module.start(Module.java:463)
	at org.eclipse.osgi.container.ModuleContainer$ContainerStartLevel$2.run(ModuleContainer.java:1852)
	at org.eclipse.osgi.internal.framework.EquinoxContainerAdaptor$1$1.execute(EquinoxContainerAdaptor.java:136)
	at org.eclipse.osgi.container.ModuleContainer$ContainerStartLevel.incStartLevel(ModuleContainer.java:1845)
	at org.eclipse.osgi.container.ModuleContainer$ContainerStartLevel.incStartLevel(ModuleContainer.java:1786)
	at org.eclipse.osgi.container.ModuleContainer$ContainerStartLevel.doContainerStartLevel(ModuleContainer.java:1750)
	at org.eclipse.osgi.container.ModuleContainer$ContainerStartLevel.dispatchEvent(ModuleContainer.java:1672)
	at org.eclipse.osgi.container.ModuleContainer$ContainerStartLevel.dispatchEvent(ModuleContainer.java:1)
	at org.eclipse.osgi.framework.eventmgr.EventManager.dispatchEvent(EventManager.java:234)
	at org.eclipse.osgi.framework.eventmgr.EventManager$EventThread.run(EventManager.java:345)

!ENTRY org.eclipse.m2e.model.edit 4 0 2022-11-22 19:25:23.950
!MESSAGE FrameworkEvent ERROR
!STACK 0
org.osgi.framework.BundleException: Could not resolve module: org.eclipse.m2e.model.edit [886]
  Unresolved requirement: Require-Bundle: org.eclipse.wst.xml.core; visibility:="reexport"
    -> Bundle-SymbolicName: org.eclipse.wst.xml.core; bundle-version="1.2.500.v202201311924"; singleton:="true"
       org.eclipse.wst.xml.core [668]
         Unresolved requirement: Import-Package: com.ibm.icu.util; version="3.8.0"
  Unresolved requirement: Require-Bundle: org.eclipse.wst.sse.core; visibility:="reexport"
    -> Bundle-SymbolicName: org.eclipse.wst.sse.core; bundle-version="1.2.700.v202112071542"; singleton:="true"
       org.eclipse.wst.sse.core [667]
         Unresolved requirement: Import-Package: com.ibm.icu.util; version="3.8.0"

	at org.eclipse.osgi.container.Module.start(Module.java:463)
	at org.eclipse.osgi.container.ModuleContainer$ContainerStartLevel$2.run(ModuleContainer.java:1852)
	at org.eclipse.osgi.internal.framework.EquinoxContainerAdaptor$1$1.execute(EquinoxContainerAdaptor.java:136)
	at org.eclipse.osgi.container.ModuleContainer$ContainerStartLevel.incStartLevel(ModuleContainer.java:1845)
	at org.eclipse.osgi.container.ModuleContainer$ContainerStartLevel.incStartLevel(ModuleContainer.java:1786)
	at org.eclipse.osgi.container.ModuleContainer$ContainerStartLevel.doContainerStartLevel(ModuleContainer.java:1750)
	at org.eclipse.osgi.container.ModuleContainer$ContainerStartLevel.dispatchEvent(ModuleContainer.java:1672)
	at org.eclipse.osgi.container.ModuleContainer$ContainerStartLevel.dispatchEvent(ModuleContainer.java:1)
	at org.eclipse.osgi.framework.eventmgr.EventManager.dispatchEvent(EventManager.java:234)
	at org.eclipse.osgi.framework.eventmgr.EventManager$EventThread.run(EventManager.java:345)

!ENTRY org.eclipse.m2e.profiles.ui 4 0 2022-11-22 19:25:24.116
!MESSAGE FrameworkEvent ERROR
!STACK 0
org.osgi.framework.BundleException: Could not resolve module: org.eclipse.m2e.profiles.ui [888]
  Unresolved requirement: Require-Bundle: org.eclipse.m2e.core.ui; bundle-version="[2.0.0,3.0.0)"
    -> Bundle-SymbolicName: org.eclipse.m2e.core.ui; bundle-version="2.0.0.20220726-0935"; singleton:="true"
       org.eclipse.m2e.core.ui [875]
         Unresolved requirement: Require-Bundle: org.eclipse.m2e.model.edit; bundle-version="[2.0.0,3.0.0)"; visibility:="reexport"
           -> Bundle-SymbolicName: org.eclipse.m2e.model.edit; bundle-version="2.0.0.20220703-1731"; singleton:="true"
              org.eclipse.m2e.model.edit [886]
                Unresolved requirement: Require-Bundle: org.eclipse.wst.xml.core; visibility:="reexport"
                  -> Bundle-SymbolicName: org.eclipse.wst.xml.core; bundle-version="1.2.500.v202201311924"; singleton:="true"
                     org.eclipse.wst.xml.core [668]
                       Unresolved requirement: Import-Package: com.ibm.icu.util; version="3.8.0"
                Unresolved requirement: Require-Bundle: org.eclipse.wst.sse.core; visibility:="reexport"
                  -> Bundle-SymbolicName: org.eclipse.wst.sse.core; bundle-version="1.2.700.v202112071542"; singleton:="true"
                     org.eclipse.wst.sse.core [667]
                       Unresolved requirement: Import-Package: com.ibm.icu.util; version="3.8.0"

	at org.eclipse.osgi.container.Module.start(Module.java:463)
	at org.eclipse.osgi.container.ModuleContainer$ContainerStartLevel$2.run(ModuleContainer.java:1852)
	at org.eclipse.osgi.internal.framework.EquinoxContainerAdaptor$1$1.execute(EquinoxContainerAdaptor.java:136)
	at org.eclipse.osgi.container.ModuleContainer$ContainerStartLevel.incStartLevel(ModuleContainer.java:1845)
	at org.eclipse.osgi.container.ModuleContainer$ContainerStartLevel.incStartLevel(ModuleContainer.java:1786)
	at org.eclipse.osgi.container.ModuleContainer$ContainerStartLevel.doContainerStartLevel(ModuleContainer.java:1750)
	at org.eclipse.osgi.container.ModuleContainer$ContainerStartLevel.dispatchEvent(ModuleContainer.java:1672)
	at org.eclipse.osgi.container.ModuleContainer$ContainerStartLevel.dispatchEvent(ModuleContainer.java:1)
	at org.eclipse.osgi.framework.eventmgr.EventManager.dispatchEvent(EventManager.java:234)
	at org.eclipse.osgi.framework.eventmgr.EventManager$EventThread.run(EventManager.java:345)

!ENTRY org.eclipse.m2e.refactoring 4 0 2022-11-22 19:25:24.116
!MESSAGE FrameworkEvent ERROR
!STACK 0
org.osgi.framework.BundleException: Could not resolve module: org.eclipse.m2e.refactoring [889]
  Unresolved requirement: Require-Bundle: org.eclipse.m2e.core.ui; bundle-version="[2.0.0,3.0.0)"
    -> Bundle-SymbolicName: org.eclipse.m2e.core.ui; bundle-version="2.0.0.20220726-0935"; singleton:="true"
       org.eclipse.m2e.core.ui [875]
         Unresolved requirement: Require-Bundle: org.eclipse.m2e.model.edit; bundle-version="[2.0.0,3.0.0)"; visibility:="reexport"
           -> Bundle-SymbolicName: org.eclipse.m2e.model.edit; bundle-version="2.0.0.20220703-1731"; singleton:="true"
              org.eclipse.m2e.model.edit [886]
                Unresolved requirement: Require-Bundle: org.eclipse.wst.xml.core; visibility:="reexport"
                  -> Bundle-SymbolicName: org.eclipse.wst.xml.core; bundle-version="1.2.500.v202201311924"; singleton:="true"
                     org.eclipse.wst.xml.core [668]
                       Unresolved requirement: Import-Package: com.ibm.icu.util; version="3.8.0"
                Unresolved requirement: Require-Bundle: org.eclipse.wst.sse.core; visibility:="reexport"
                  -> Bundle-SymbolicName: org.eclipse.wst.sse.core; bundle-version="1.2.700.v202112071542"; singleton:="true"
                     org.eclipse.wst.sse.core [667]
                       Unresolved requirement: Import-Package: com.ibm.icu.util; version="3.8.0"
  Unresolved requirement: Require-Bundle: org.eclipse.m2e.model.edit; bundle-version="[2.0.0,3.0.0)"
    -> Bundle-SymbolicName: org.eclipse.m2e.model.edit; bundle-version="2.0.0.20220703-1731"; singleton:="true"

	at org.eclipse.osgi.container.Module.start(Module.java:463)
	at org.eclipse.osgi.container.ModuleContainer$ContainerStartLevel$2.run(ModuleContainer.java:1852)
	at org.eclipse.osgi.internal.framework.EquinoxContainerAdaptor$1$1.execute(EquinoxContainerAdaptor.java:136)
	at org.eclipse.osgi.container.ModuleContainer$ContainerStartLevel.incStartLevel(ModuleContainer.java:1845)
	at org.eclipse.osgi.container.ModuleContainer$ContainerStartLevel.incStartLevel(ModuleContainer.java:1786)
	at org.eclipse.osgi.container.ModuleContainer$ContainerStartLevel.doContainerStartLevel(ModuleContainer.java:1750)
	at org.eclipse.osgi.container.ModuleContainer$ContainerStartLevel.dispatchEvent(ModuleContainer.java:1672)
	at org.eclipse.osgi.container.ModuleContainer$ContainerStartLevel.dispatchEvent(ModuleContainer.java:1)
	at org.eclipse.osgi.framework.eventmgr.EventManager.dispatchEvent(EventManager.java:234)
	at org.eclipse.osgi.framework.eventmgr.EventManager$EventThread.run(EventManager.java:345)

!ENTRY org.eclipse.m2e.sourcelookup 4 0 2022-11-22 19:25:24.131
!MESSAGE FrameworkEvent ERROR
!STACK 0
org.osgi.framework.BundleException: Could not resolve module: org.eclipse.m2e.sourcelookup [891]
  Unresolved requirement: Require-Bundle: org.eclipse.m2e.launching; bundle-version="[2.0.0,3.0.0)"
    -> Bundle-SymbolicName: org.eclipse.m2e.launching; bundle-version="2.0.1.20220828-2046"; singleton:="true"
       org.eclipse.m2e.launching [881]
         Unresolved requirement: Require-Bundle: org.eclipse.m2e.core.ui; bundle-version="[2.0.0,3.0.0)"
           -> Bundle-SymbolicName: org.eclipse.m2e.core.ui; bundle-version="2.0.0.20220726-0935"; singleton:="true"
              org.eclipse.m2e.core.ui [875]
                Unresolved requirement: Require-Bundle: org.eclipse.m2e.model.edit; bundle-version="[2.0.0,3.0.0)"; visibility:="reexport"
                  -> Bundle-SymbolicName: org.eclipse.m2e.model.edit; bundle-version="2.0.0.20220703-1731"; singleton:="true"
                     org.eclipse.m2e.model.edit [886]
                       Unresolved requirement: Require-Bundle: org.eclipse.wst.xml.core; visibility:="reexport"
                         -> Bundle-SymbolicName: org.eclipse.wst.xml.core; bundle-version="1.2.500.v202201311924"; singleton:="true"
                            org.eclipse.wst.xml.core [668]
                              Unresolved requirement: Import-Package: com.ibm.icu.util; version="3.8.0"
                       Unresolved requirement: Require-Bundle: org.eclipse.wst.sse.core; visibility:="reexport"
                         -> Bundle-SymbolicName: org.eclipse.wst.sse.core; bundle-version="1.2.700.v202112071542"; singleton:="true"
                            org.eclipse.wst.sse.core [667]
                              Unresolved requirement: Import-Package: com.ibm.icu.util; version="3.8.0"

	at org.eclipse.osgi.container.Module.start(Module.java:463)
	at org.eclipse.osgi.container.ModuleContainer$ContainerStartLevel$2.run(ModuleContainer.java:1852)
	at org.eclipse.osgi.internal.framework.EquinoxContainerAdaptor$1$1.execute(EquinoxContainerAdaptor.java:136)
	at org.eclipse.osgi.container.ModuleContainer$ContainerStartLevel.incStartLevel(ModuleContainer.java:1845)
	at org.eclipse.osgi.container.ModuleContainer$ContainerStartLevel.incStartLevel(ModuleContainer.java:1786)
	at org.eclipse.osgi.container.ModuleContainer$ContainerStartLevel.doContainerStartLevel(ModuleContainer.java:1750)
	at org.eclipse.osgi.container.ModuleContainer$ContainerStartLevel.dispatchEvent(ModuleContainer.java:1672)
	at org.eclipse.osgi.container.ModuleContainer$ContainerStartLevel.dispatchEvent(ModuleContainer.java:1)
	at org.eclipse.osgi.framework.eventmgr.EventManager.dispatchEvent(EventManager.java:234)
	at org.eclipse.osgi.framework.eventmgr.EventManager$EventThread.run(EventManager.java:345)

!ENTRY org.eclipse.m2e.sourcelookup.ui 4 0 2022-11-22 19:25:24.147
!MESSAGE FrameworkEvent ERROR
!STACK 0
org.osgi.framework.BundleException: Could not resolve module: org.eclipse.m2e.sourcelookup.ui [892]
  Unresolved requirement: Require-Bundle: org.eclipse.m2e.sourcelookup; bundle-version="[2.0.0,3.0.0)"
    -> Bundle-SymbolicName: org.eclipse.m2e.sourcelookup; bundle-version="2.0.0.20220705-1608"; singleton:="true"
       org.eclipse.m2e.sourcelookup [891]
         Unresolved requirement: Require-Bundle: org.eclipse.m2e.launching; bundle-version="[2.0.0,3.0.0)"
           -> Bundle-SymbolicName: org.eclipse.m2e.launching; bundle-version="2.0.1.20220828-2046"; singleton:="true"
              org.eclipse.m2e.launching [881]
                Unresolved requirement: Require-Bundle: org.eclipse.m2e.core.ui; bundle-version="[2.0.0,3.0.0)"
                  -> Bundle-SymbolicName: org.eclipse.m2e.core.ui; bundle-version="2.0.0.20220726-0935"; singleton:="true"
                     org.eclipse.m2e.core.ui [875]
                       Unresolved requirement: Require-Bundle: org.eclipse.m2e.model.edit; bundle-version="[2.0.0,3.0.0)"; visibility:="reexport"
                         -> Bundle-SymbolicName: org.eclipse.m2e.model.edit; bundle-version="2.0.0.20220703-1731"; singleton:="true"
                            org.eclipse.m2e.model.edit [886]
                              Unresolved requirement: Require-Bundle: org.eclipse.wst.xml.core; visibility:="reexport"
                                -> Bundle-SymbolicName: org.eclipse.wst.xml.core; bundle-version="1.2.500.v202201311924"; singleton:="true"
                                   org.eclipse.wst.xml.core [668]
                                     Unresolved requirement: Import-Package: com.ibm.icu.util; version="3.8.0"
                              Unresolved requirement: Require-Bundle: org.eclipse.wst.sse.core; visibility:="reexport"
                                -> Bundle-SymbolicName: org.eclipse.wst.sse.core; bundle-version="1.2.700.v202112071542"; singleton:="true"
                                   org.eclipse.wst.sse.core [667]
                                     Unresolved requirement: Import-Package: com.ibm.icu.util; version="3.8.0"
  Unresolved requirement: Require-Bundle: org.eclipse.m2e.core.ui; bundle-version="[2.0.0,3.0.0)"
    -> Bundle-SymbolicName: org.eclipse.m2e.core.ui; bundle-version="2.0.0.20220726-0935"; singleton:="true"
  Unresolved requirement: Require-Bundle: org.eclipse.m2e.binaryproject; bundle-version="[2.0.0,3.0.0)"
    -> Bundle-SymbolicName: org.eclipse.m2e.binaryproject; bundle-version="2.0.0.20220705-1221"; singleton:="true"
       org.eclipse.m2e.binaryproject [872]
         Unresolved requirement: Require-Bundle: org.eclipse.m2e.sourcelookup; bundle-version="[2.0.0,3.0.0)"
           -> Bundle-SymbolicName: org.eclipse.m2e.sourcelookup; bundle-version="2.0.0.20220705-1608"; singleton:="true"

	at org.eclipse.osgi.container.Module.start(Module.java:463)
	at org.eclipse.osgi.container.ModuleContainer$ContainerStartLevel$2.run(ModuleContainer.java:1852)
	at org.eclipse.osgi.internal.framework.EquinoxContainerAdaptor$1$1.execute(EquinoxContainerAdaptor.java:136)
	at org.eclipse.osgi.container.ModuleContainer$ContainerStartLevel.incStartLevel(ModuleContainer.java:1845)
	at org.eclipse.osgi.container.ModuleContainer$ContainerStartLevel.incStartLevel(ModuleContainer.java:1786)
	at org.eclipse.osgi.container.ModuleContainer$ContainerStartLevel.doContainerStartLevel(ModuleContainer.java:1750)
	at org.eclipse.osgi.container.ModuleContainer$ContainerStartLevel.dispatchEvent(ModuleContainer.java:1672)
	at org.eclipse.osgi.container.ModuleContainer$ContainerStartLevel.dispatchEvent(ModuleContainer.java:1)
	at org.eclipse.osgi.framework.eventmgr.EventManager.dispatchEvent(EventManager.java:234)
	at org.eclipse.osgi.framework.eventmgr.EventManager$EventThread.run(EventManager.java:345)

!ENTRY org.eclipse.pde.spy.model 4 0 2022-11-22 19:25:24.304
!MESSAGE FrameworkEvent ERROR
!STACK 0
org.osgi.framework.BundleException: Could not resolve module: org.eclipse.pde.spy.model [1105]
  Unresolved requirement: Require-Bundle: org.eclipse.e4.tools.emf.ui; bundle-version="4.7.0"

	at org.eclipse.osgi.container.Module.start(Module.java:463)
	at org.eclipse.osgi.container.ModuleContainer$ContainerStartLevel$2.run(ModuleContainer.java:1852)
	at org.eclipse.osgi.internal.framework.EquinoxContainerAdaptor$1$1.execute(EquinoxContainerAdaptor.java:136)
	at org.eclipse.osgi.container.ModuleContainer$ContainerStartLevel.incStartLevel(ModuleContainer.java:1845)
	at org.eclipse.osgi.container.ModuleContainer$ContainerStartLevel.incStartLevel(ModuleContainer.java:1786)
	at org.eclipse.osgi.container.ModuleContainer$ContainerStartLevel.doContainerStartLevel(ModuleContainer.java:1750)
	at org.eclipse.osgi.container.ModuleContainer$ContainerStartLevel.dispatchEvent(ModuleContainer.java:1672)
	at org.eclipse.osgi.container.ModuleContainer$ContainerStartLevel.dispatchEvent(ModuleContainer.java:1)
	at org.eclipse.osgi.framework.eventmgr.EventManager.dispatchEvent(EventManager.java:234)
	at org.eclipse.osgi.framework.eventmgr.EventManager$EventThread.run(EventManager.java:345)

!ENTRY org.eclipse.pde.ua.ui 4 0 2022-11-22 19:25:24.320
!MESSAGE FrameworkEvent ERROR
!STACK 0
org.osgi.framework.BundleException: Could not resolve module: org.eclipse.pde.ua.ui [1107]
  Unresolved requirement: Require-Bundle: org.eclipse.pde.ua.core; bundle-version="[1.0.0,2.0.0)"

	at org.eclipse.osgi.container.Module.start(Module.java:463)
	at org.eclipse.osgi.container.ModuleContainer$ContainerStartLevel$2.run(ModuleContainer.java:1852)
	at org.eclipse.osgi.internal.framework.EquinoxContainerAdaptor$1$1.execute(EquinoxContainerAdaptor.java:136)
	at org.eclipse.osgi.container.ModuleContainer$ContainerStartLevel.incStartLevel(ModuleContainer.java:1845)
	at org.eclipse.osgi.container.ModuleContainer$ContainerStartLevel.incStartLevel(ModuleContainer.java:1786)
	at org.eclipse.osgi.container.ModuleContainer$ContainerStartLevel.doContainerStartLevel(ModuleContainer.java:1750)
	at org.eclipse.osgi.container.ModuleContainer$ContainerStartLevel.dispatchEvent(ModuleContainer.java:1672)
	at org.eclipse.osgi.container.ModuleContainer$ContainerStartLevel.dispatchEvent(ModuleContainer.java:1)
	at org.eclipse.osgi.framework.eventmgr.EventManager.dispatchEvent(EventManager.java:234)
	at org.eclipse.osgi.framework.eventmgr.EventManager$EventThread.run(EventManager.java:345)

!ENTRY org.eclipse.wb.core.databinding.xml 4 0 2022-11-22 19:25:24.351
!MESSAGE FrameworkEvent ERROR
!STACK 0
org.osgi.framework.BundleException: Could not resolve module: org.eclipse.wb.core.databinding.xml [1150]
  Unresolved requirement: Require-Bundle: org.eclipse.wb.core.xml
    -> Bundle-SymbolicName: org.eclipse.wb.core.xml; bundle-version="1.9.1.202208311516"; singleton:="true"
       org.eclipse.wb.core.xml [1154]
         Unresolved requirement: Require-Bundle: org.eclipse.wst.sse.ui; visibility:="reexport"
           -> Bundle-SymbolicName: org.eclipse.wst.sse.ui; bundle-version="1.7.500.v202207121749"; singleton:="true"
              org.eclipse.wst.sse.ui [1184]
                Unresolved requirement: Require-Bundle: org.eclipse.wst.sse.core; bundle-version="[1.2.400,1.3.0)"
                  -> Bundle-SymbolicName: org.eclipse.wst.sse.core; bundle-version="1.2.700.v202112071542"; singleton:="true"
                     org.eclipse.wst.sse.core [667]
                       Unresolved requirement: Import-Package: com.ibm.icu.util; version="3.8.0"
         Unresolved requirement: Require-Bundle: org.eclipse.wst.xml.ui; visibility:="reexport"
           -> Bundle-SymbolicName: org.eclipse.wst.xml.ui; bundle-version="1.2.700.v202208280234"; singleton:="true"
              org.eclipse.wst.xml.ui [1187]
                Unresolved requirement: Require-Bundle: org.eclipse.wst.sse.ui; bundle-version="[1.7.100,2.0.0)"
                  -> Bundle-SymbolicName: org.eclipse.wst.sse.ui; bundle-version="1.7.500.v202207121749"; singleton:="true"
         Unresolved requirement: Require-Bundle: org.eclipse.wst.sse.core; visibility:="reexport"
           -> Bundle-SymbolicName: org.eclipse.wst.sse.core; bundle-version="1.2.700.v202112071542"; singleton:="true"

	at org.eclipse.osgi.container.Module.start(Module.java:463)
	at org.eclipse.osgi.container.ModuleContainer$ContainerStartLevel$2.run(ModuleContainer.java:1852)
	at org.eclipse.osgi.internal.framework.EquinoxContainerAdaptor$1$1.execute(EquinoxContainerAdaptor.java:136)
	at org.eclipse.osgi.container.ModuleContainer$ContainerStartLevel.incStartLevel(ModuleContainer.java:1845)
	at org.eclipse.osgi.container.ModuleContainer$ContainerStartLevel.incStartLevel(ModuleContainer.java:1786)
	at org.eclipse.osgi.container.ModuleContainer$ContainerStartLevel.doContainerStartLevel(ModuleContainer.java:1750)
	at org.eclipse.osgi.container.ModuleContainer$ContainerStartLevel.dispatchEvent(ModuleContainer.java:1672)
	at org.eclipse.osgi.container.ModuleContainer$ContainerStartLevel.dispatchEvent(ModuleContainer.java:1)
	at org.eclipse.osgi.framework.eventmgr.EventManager.dispatchEvent(EventManager.java:234)
	at org.eclipse.osgi.framework.eventmgr.EventManager$EventThread.run(EventManager.java:345)

!ENTRY org.eclipse.wb.core.xml 4 0 2022-11-22 19:25:24.351
!MESSAGE FrameworkEvent ERROR
!STACK 0
org.osgi.framework.BundleException: Could not resolve module: org.eclipse.wb.core.xml [1154]
  Unresolved requirement: Require-Bundle: org.eclipse.wst.sse.ui; visibility:="reexport"
    -> Bundle-SymbolicName: org.eclipse.wst.sse.ui; bundle-version="1.7.500.v202207121749"; singleton:="true"
       org.eclipse.wst.sse.ui [1184]
         Unresolved requirement: Require-Bundle: org.eclipse.wst.sse.core; bundle-version="[1.2.400,1.3.0)"
           -> Bundle-SymbolicName: org.eclipse.wst.sse.core; bundle-version="1.2.700.v202112071542"; singleton:="true"
              org.eclipse.wst.sse.core [667]
                Unresolved requirement: Import-Package: com.ibm.icu.util; version="3.8.0"
  Unresolved requirement: Require-Bundle: org.eclipse.wst.xml.ui; visibility:="reexport"
    -> Bundle-SymbolicName: org.eclipse.wst.xml.ui; bundle-version="1.2.700.v202208280234"; singleton:="true"
       org.eclipse.wst.xml.ui [1187]
         Unresolved requirement: Require-Bundle: org.eclipse.wst.sse.ui; bundle-version="[1.7.100,2.0.0)"
           -> Bundle-SymbolicName: org.eclipse.wst.sse.ui; bundle-version="1.7.500.v202207121749"; singleton:="true"
  Unresolved requirement: Require-Bundle: org.eclipse.wst.sse.core; visibility:="reexport"
    -> Bundle-SymbolicName: org.eclipse.wst.sse.core; bundle-version="1.2.700.v202112071542"; singleton:="true"

	at org.eclipse.osgi.container.Module.start(Module.java:463)
	at org.eclipse.osgi.container.ModuleContainer$ContainerStartLevel$2.run(ModuleContainer.java:1852)
	at org.eclipse.osgi.internal.framework.EquinoxContainerAdaptor$1$1.execute(EquinoxContainerAdaptor.java:136)
	at org.eclipse.osgi.container.ModuleContainer$ContainerStartLevel.incStartLevel(ModuleContainer.java:1845)
	at org.eclipse.osgi.container.ModuleContainer$ContainerStartLevel.incStartLevel(ModuleContainer.java:1786)
	at org.eclipse.osgi.container.ModuleContainer$ContainerStartLevel.doContainerStartLevel(ModuleContainer.java:1750)
	at org.eclipse.osgi.container.ModuleContainer$ContainerStartLevel.dispatchEvent(ModuleContainer.java:1672)
	at org.eclipse.osgi.container.ModuleContainer$ContainerStartLevel.dispatchEvent(ModuleContainer.java:1)
	at org.eclipse.osgi.framework.eventmgr.EventManager.dispatchEvent(EventManager.java:234)
	at org.eclipse.osgi.framework.eventmgr.EventManager$EventThread.run(EventManager.java:345)

!ENTRY org.eclipse.wb.rcp.databinding.xwt 4 0 2022-11-22 19:25:24.367
!MESSAGE FrameworkEvent ERROR
!STACK 0
org.osgi.framework.BundleException: Could not resolve module: org.eclipse.wb.rcp.databinding.xwt [1163]
  Unresolved requirement: Require-Bundle: org.eclipse.wb.core.xml
    -> Bundle-SymbolicName: org.eclipse.wb.core.xml; bundle-version="1.9.1.202208311516"; singleton:="true"
       org.eclipse.wb.core.xml [1154]
         Unresolved requirement: Require-Bundle: org.eclipse.wst.sse.ui; visibility:="reexport"
           -> Bundle-SymbolicName: org.eclipse.wst.sse.ui; bundle-version="1.7.500.v202207121749"; singleton:="true"
              org.eclipse.wst.sse.ui [1184]
                Unresolved requirement: Require-Bundle: org.eclipse.wst.sse.core; bundle-version="[1.2.400,1.3.0)"
                  -> Bundle-SymbolicName: org.eclipse.wst.sse.core; bundle-version="1.2.700.v202112071542"; singleton:="true"
                     org.eclipse.wst.sse.core [667]
                       Unresolved requirement: Import-Package: com.ibm.icu.util; version="3.8.0"
         Unresolved requirement: Require-Bundle: org.eclipse.wst.xml.ui; visibility:="reexport"
           -> Bundle-SymbolicName: org.eclipse.wst.xml.ui; bundle-version="1.2.700.v202208280234"; singleton:="true"
              org.eclipse.wst.xml.ui [1187]
                Unresolved requirement: Require-Bundle: org.eclipse.wst.sse.ui; bundle-version="[1.7.100,2.0.0)"
                  -> Bundle-SymbolicName: org.eclipse.wst.sse.ui; bundle-version="1.7.500.v202207121749"; singleton:="true"
         Unresolved requirement: Require-Bundle: org.eclipse.wst.sse.core; visibility:="reexport"
           -> Bundle-SymbolicName: org.eclipse.wst.sse.core; bundle-version="1.2.700.v202112071542"; singleton:="true"
  Unresolved requirement: Require-Bundle: org.eclipse.wb.core.databinding.xml
    -> Bundle-SymbolicName: org.eclipse.wb.core.databinding.xml; bundle-version="1.9.1.202208311516"; singleton:="true"
       org.eclipse.wb.core.databinding.xml [1150]
         Unresolved requirement: Require-Bundle: org.eclipse.wb.core.xml
           -> Bundle-SymbolicName: org.eclipse.wb.core.xml; bundle-version="1.9.1.202208311516"; singleton:="true"
  Unresolved requirement: Require-Bundle: org.eclipse.wb.xwt
    -> Bundle-SymbolicName: org.eclipse.wb.xwt; bundle-version="1.9.1.202208311516"; singleton:="true"
       org.eclipse.wb.xwt [1180]
         Unresolved requirement: Require-Bundle: org.eclipse.wb.core.xml
           -> Bundle-SymbolicName: org.eclipse.wb.core.xml; bundle-version="1.9.1.202208311516"; singleton:="true"

	at org.eclipse.osgi.container.Module.start(Module.java:463)
	at org.eclipse.osgi.container.ModuleContainer$ContainerStartLevel$2.run(ModuleContainer.java:1852)
	at org.eclipse.osgi.internal.framework.EquinoxContainerAdaptor$1$1.execute(EquinoxContainerAdaptor.java:136)
	at org.eclipse.osgi.container.ModuleContainer$ContainerStartLevel.incStartLevel(ModuleContainer.java:1845)
	at org.eclipse.osgi.container.ModuleContainer$ContainerStartLevel.incStartLevel(ModuleContainer.java:1786)
	at org.eclipse.osgi.container.ModuleContainer$ContainerStartLevel.doContainerStartLevel(ModuleContainer.java:1750)
	at org.eclipse.osgi.container.ModuleContainer$ContainerStartLevel.dispatchEvent(ModuleContainer.java:1672)
	at org.eclipse.osgi.container.ModuleContainer$ContainerStartLevel.dispatchEvent(ModuleContainer.java:1)
	at org.eclipse.osgi.framework.eventmgr.EventManager.dispatchEvent(EventManager.java:234)
	at org.eclipse.osgi.framework.eventmgr.EventManager$EventThread.run(EventManager.java:345)

!ENTRY org.eclipse.wb.xwt 4 0 2022-11-22 19:25:24.367
!MESSAGE FrameworkEvent ERROR
!STACK 0
org.osgi.framework.BundleException: Could not resolve module: org.eclipse.wb.xwt [1180]
  Unresolved requirement: Require-Bundle: org.eclipse.wb.core.xml
    -> Bundle-SymbolicName: org.eclipse.wb.core.xml; bundle-version="1.9.1.202208311516"; singleton:="true"
       org.eclipse.wb.core.xml [1154]
         Unresolved requirement: Require-Bundle: org.eclipse.wst.sse.ui; visibility:="reexport"
           -> Bundle-SymbolicName: org.eclipse.wst.sse.ui; bundle-version="1.7.500.v202207121749"; singleton:="true"
              org.eclipse.wst.sse.ui [1184]
                Unresolved requirement: Require-Bundle: org.eclipse.wst.sse.core; bundle-version="[1.2.400,1.3.0)"
                  -> Bundle-SymbolicName: org.eclipse.wst.sse.core; bundle-version="1.2.700.v202112071542"; singleton:="true"
                     org.eclipse.wst.sse.core [667]
                       Unresolved requirement: Import-Package: com.ibm.icu.util; version="3.8.0"
         Unresolved requirement: Require-Bundle: org.eclipse.wst.xml.ui; visibility:="reexport"
           -> Bundle-SymbolicName: org.eclipse.wst.xml.ui; bundle-version="1.2.700.v202208280234"; singleton:="true"
              org.eclipse.wst.xml.ui [1187]
                Unresolved requirement: Require-Bundle: org.eclipse.wst.sse.ui; bundle-version="[1.7.100,2.0.0)"
                  -> Bundle-SymbolicName: org.eclipse.wst.sse.ui; bundle-version="1.7.500.v202207121749"; singleton:="true"
         Unresolved requirement: Require-Bundle: org.eclipse.wst.sse.core; visibility:="reexport"
           -> Bundle-SymbolicName: org.eclipse.wst.sse.core; bundle-version="1.2.700.v202112071542"; singleton:="true"

	at org.eclipse.osgi.container.Module.start(Module.java:463)
	at org.eclipse.osgi.container.ModuleContainer$ContainerStartLevel$2.run(ModuleContainer.java:1852)
	at org.eclipse.osgi.internal.framework.EquinoxContainerAdaptor$1$1.execute(EquinoxContainerAdaptor.java:136)
	at org.eclipse.osgi.container.ModuleContainer$ContainerStartLevel.incStartLevel(ModuleContainer.java:1845)
	at org.eclipse.osgi.container.ModuleContainer$ContainerStartLevel.incStartLevel(ModuleContainer.java:1786)
	at org.eclipse.osgi.container.ModuleContainer$ContainerStartLevel.doContainerStartLevel(ModuleContainer.java:1750)
	at org.eclipse.osgi.container.ModuleContainer$ContainerStartLevel.dispatchEvent(ModuleContainer.java:1672)
	at org.eclipse.osgi.container.ModuleContainer$ContainerStartLevel.dispatchEvent(ModuleContainer.java:1)
	at org.eclipse.osgi.framework.eventmgr.EventManager.dispatchEvent(EventManager.java:234)
	at org.eclipse.osgi.framework.eventmgr.EventManager$EventThread.run(EventManager.java:345)

!ENTRY org.eclipse.wst.sse.ui 4 0 2022-11-22 19:25:24.383
!MESSAGE FrameworkEvent ERROR
!STACK 0
org.osgi.framework.BundleException: Could not resolve module: org.eclipse.wst.sse.ui [1184]
  Unresolved requirement: Require-Bundle: org.eclipse.wst.sse.core; bundle-version="[1.2.400,1.3.0)"
    -> Bundle-SymbolicName: org.eclipse.wst.sse.core; bundle-version="1.2.700.v202112071542"; singleton:="true"
       org.eclipse.wst.sse.core [667]
         Unresolved requirement: Import-Package: com.ibm.icu.util; version="3.8.0"

	at org.eclipse.osgi.container.Module.start(Module.java:463)
	at org.eclipse.osgi.container.ModuleContainer$ContainerStartLevel$2.run(ModuleContainer.java:1852)
	at org.eclipse.osgi.internal.framework.EquinoxContainerAdaptor$1$1.execute(EquinoxContainerAdaptor.java:136)
	at org.eclipse.osgi.container.ModuleContainer$ContainerStartLevel.incStartLevel(ModuleContainer.java:1845)
	at org.eclipse.osgi.container.ModuleContainer$ContainerStartLevel.incStartLevel(ModuleContainer.java:1786)
	at org.eclipse.osgi.container.ModuleContainer$ContainerStartLevel.doContainerStartLevel(ModuleContainer.java:1750)
	at org.eclipse.osgi.container.ModuleContainer$ContainerStartLevel.dispatchEvent(ModuleContainer.java:1672)
	at org.eclipse.osgi.container.ModuleContainer$ContainerStartLevel.dispatchEvent(ModuleContainer.java:1)
	at org.eclipse.osgi.framework.eventmgr.EventManager.dispatchEvent(EventManager.java:234)
	at org.eclipse.osgi.framework.eventmgr.EventManager$EventThread.run(EventManager.java:345)

!ENTRY org.eclipse.wst.xml.ui 4 0 2022-11-22 19:25:24.383
!MESSAGE FrameworkEvent ERROR
!STACK 0
org.osgi.framework.BundleException: Could not resolve module: org.eclipse.wst.xml.ui [1187]
  Unresolved requirement: Require-Bundle: org.eclipse.wst.sse.core; bundle-version="[1.2.400,1.3.0)"
    -> Bundle-SymbolicName: org.eclipse.wst.sse.core; bundle-version="1.2.700.v202112071542"; singleton:="true"
       org.eclipse.wst.sse.core [667]
         Unresolved requirement: Import-Package: com.ibm.icu.util; version="3.8.0"
  Unresolved requirement: Require-Bundle: org.eclipse.wst.sse.ui; bundle-version="[1.7.100,2.0.0)"
    -> Bundle-SymbolicName: org.eclipse.wst.sse.ui; bundle-version="1.7.500.v202207121749"; singleton:="true"
       org.eclipse.wst.sse.ui [1184]
         Unresolved requirement: Require-Bundle: org.eclipse.wst.sse.core; bundle-version="[1.2.400,1.3.0)"
           -> Bundle-SymbolicName: org.eclipse.wst.sse.core; bundle-version="1.2.700.v202112071542"; singleton:="true"

	at org.eclipse.osgi.container.Module.start(Module.java:463)
	at org.eclipse.osgi.container.ModuleContainer$ContainerStartLevel$2.run(ModuleContainer.java:1852)
	at org.eclipse.osgi.internal.framework.EquinoxContainerAdaptor$1$1.execute(EquinoxContainerAdaptor.java:136)
	at org.eclipse.osgi.container.ModuleContainer$ContainerStartLevel.incStartLevel(ModuleContainer.java:1845)
	at org.eclipse.osgi.container.ModuleContainer$ContainerStartLevel.incStartLevel(ModuleContainer.java:1786)
	at org.eclipse.osgi.container.ModuleContainer$ContainerStartLevel.doContainerStartLevel(ModuleContainer.java:1750)
	at org.eclipse.osgi.container.ModuleContainer$ContainerStartLevel.dispatchEvent(ModuleContainer.java:1672)
	at org.eclipse.osgi.container.ModuleContainer$ContainerStartLevel.dispatchEvent(ModuleContainer.java:1)
	at org.eclipse.osgi.framework.eventmgr.EventManager.dispatchEvent(EventManager.java:234)
	at org.eclipse.osgi.framework.eventmgr.EventManager$EventThread.run(EventManager.java:345)
